2020-10-25 12:00:29 error: Authorization-Exception:  undefined (403)
2020-10-25 12:00:36 error: Authorization-Exception:  undefined (403)
2020-10-25 12:00:50 error: Not-Found-Exception:  Page not found (404)
2020-10-25 12:06:44 error: Authorization-Exception:  undefined (403)
2020-10-25 12:06:55 error: Authorization-Exception:  undefined (403)
2020-10-25 12:22:08 error: Authorization-Exception:  undefined (403)
2020-10-25 12:25:56 error: Authorization-Exception:  undefined (403)
2020-10-25 12:26:04 error: Authorization-Exception:  undefined (403)
2020-10-25 12:37:40 error: Not-Found-Exception:  Page not found (404)
2020-10-25 12:37:52 error: Not-Found-Exception:  Page not found (404)
2020-10-25 12:38:16 error: Not-Found-Exception:  Page not found (404)
2020-10-25 12:39:29 info: Title: Login success  (200)
2020-10-25 12:39:33 info: Title: Login success  (200)
2020-10-25 12:39:33 error: Authorization-Exception:  undefined (403)
2020-10-25 12:40:05 info: Title: Login success  (200)
2020-10-25 12:42:25 info: Title: Login success  (200)
2020-10-25 12:43:31 info: Title: Login success  (200)
2020-10-25 12:43:33 error: Authorization-Exception:  undefined (403)
2020-10-25 12:43:40 info: Title: Login success  (200)
2020-10-25 12:43:59 error: Authorization-Exception:  undefined (403)
2020-10-25 12:47:22 info: Title: Login success  (200)
2020-10-25 12:47:37 error: Authorization-Exception:  undefined (403)
2020-10-25 12:48:03 info: Title: Login success  (200)
2020-10-25 12:59:08 info: Title: Login success  (200)
2020-10-25 13:00:29 info: Title: Login success  (200)
2020-10-25 13:01:03 info: Title: Login success  (200)
2020-10-25 13:01:11 info: Title: Login success  (200)
2020-10-25 13:01:20 info: Title: Login success  (200)
2020-10-25 13:01:52 info: Title: Login success  (200)
2020-10-25 13:02:18 info: Title: Login success  (200)
2020-10-25 13:02:42 info: Title: Login success  (200)
2020-10-25 13:03:02 info: Title: Login success  (200)
2020-10-25 13:03:42 info: Title: Login success  (200)
2020-10-25 13:06:29 info: Title: Login success  (200)
2020-10-25 13:08:50 info: Title: Login success  (200)
2020-10-25 13:10:15 info: Title: Login success  (200)
2020-10-25 13:13:19 info: Title: Login success  (200)
2020-10-25 13:16:04 info: Title: Login success  (200)
2020-10-25 13:16:33 info: Title: Login success  (200)
2020-10-25 13:23:02 error: Authorization-Exception:  undefined (403)
2020-10-25 13:25:14 error: Authentication-Exception:  undefined (403)
2020-10-25 13:26:52 error: Authentication-Exception:  undefined (403)
2020-10-25 13:36:38 error: Authentication-Exception:  Password does not correspond to the hash (403)
2020-10-25 13:37:01 error: Authentication-Exception:  Password does not correspond to the hash (403)
2020-10-25 13:38:40 error: Authentication-Exception:  Password does not correspond to the hash (403)
2020-10-25 13:40:36 error: Authentication-Exception:  Password does not correspond to the hash (403)
2020-10-25 13:41:36 info: Title: Login success  (200)
2020-10-25 13:41:36 error: Authorization-Exception:  Invalid token (403)
2020-10-25 13:45:59 error: Authentication-Exception:  Password does not correspond to the hash (403)
2020-10-25 13:46:53 error: Authentication-Exception:  Password does not correspond to the hash (403)
2020-10-25 13:48:14 info: Title: Login success  (200)
2020-10-25 14:09:25 error: Authorization-Exception:  Invalid token (403)
2020-10-25 14:09:46 error: Authorization-Exception:  Invalid token (403)
2020-10-25 14:30:53 error: Authorization-Exception:  Invalid token (403)
2020-10-25 14:31:06 error: Authorization-Exception:  Invalid token (403)
2020-10-25 14:41:07 error: Authorization-Exception:  Invalid token (403)
2020-10-25 14:41:07 error: Authorization-Exception:  Invalid token (403)
2020-10-25 14:41:07 error: Authorization-Exception:  Invalid token (403)
2020-10-25 14:41:11 error: Authorization-Exception:  Invalid token (403)
2020-10-25 14:41:11 error: Authorization-Exception:  Invalid token (403)
2020-10-25 14:41:11 error: Authorization-Exception:  Invalid token (403)
2020-10-25 14:41:13 error: Authorization-Exception:  Invalid token (403)
2020-10-25 14:41:13 error: Authorization-Exception:  Invalid token (403)
2020-10-25 14:41:13 error: Authorization-Exception:  Invalid token (403)
2020-10-25 14:41:25 error: Authorization-Exception:  Invalid token (403)
2020-10-25 14:41:25 error: Authorization-Exception:  Invalid token (403)
2020-10-25 14:41:25 error: Authorization-Exception:  Invalid token (403)
2020-10-25 15:00:12 error: Authorization-Exception:  Invalid token (403)
2020-10-25 15:00:19 error: Authorization-Exception:  Invalid token (403)
2020-10-25 15:10:19 error: Authorization-Exception:  Invalid token (403)
2020-10-25 15:11:13 error: Authorization-Exception:  Invalid token (403)
2020-10-25 15:11:15 error: Authorization-Exception:  Invalid token (403)
2020-10-25 15:47:20 info: Title: Login success  (200)
2020-10-25 15:50:50 info: Title: Login success  (200)
2020-10-25 15:51:11 info: Title: Login success  (200)
2020-10-25 15:51:14 info: Title: Login success  (200)
2020-10-25 15:51:15 info: Title: Login success  (200)
2020-10-25 15:51:16 info: Title: Login success  (200)
2020-10-25 15:51:16 info: Title: Login success  (200)
2020-10-25 15:51:16 info: Title: Login success  (200)
2020-10-25 15:51:22 info: Title: Login success  (200)
2020-10-25 15:51:32 info: Title: Login success  (200)
2020-10-25 15:51:48 info: Title: Login success  (200)
2020-10-25 16:28:04 info: Title: Login success  (200)
2020-10-25 16:31:20 info: Title: Login success  (200)
2020-10-25 16:33:51 info: Title: Login success  (200)
2020-10-25 16:39:19 info: Title: Login success  (200)
2020-10-25 16:43:20 info: Title: Login success  (200)
2020-10-25 16:46:16 info: Title: Login success  (200)
2020-10-25 16:47:51 info: Title: Login success  (200)
2020-10-25 16:53:33 info: Title: Login success  (200)
2020-10-25 16:58:23 info: Title: Login success  (200)
2020-10-25 17:34:15 info: Title: Login success  (200)
2020-10-25 17:40:49 error: Authorization-Exception:  Invalid token (403)
2020-10-25 17:40:56 error: Authorization-Exception:  Invalid token (403)
2020-10-25 17:41:16 error: Authorization-Exception:  Invalid token (403)
2020-10-25 18:04:04 info: Title: Login success  (200)
2020-10-25 18:06:45 info: Title: Login success  (200)
2020-10-25 18:08:03 info: Title: Login success  (200)
2020-10-25 18:08:21 info: Title: Login success  (200)
2020-10-25 18:08:56 info: Title: Login success  (200)
2020-10-25 18:23:02 info: Title: Login success  (200)
2020-10-25 18:38:46 error: Validation-Exception:  Invalid request (400)
2020-10-25 18:39:08 error: Forbidden:  Password incorrect (403)
2020-10-25 18:39:13 error: Forbidden:  Password incorrect (403)
2020-10-25 18:40:49 error: Query-Sql-Exception:  Cannot create a new User, Registered email (400)
2020-10-25 18:41:04 info: Title: User created  (201)
2020-10-25 18:46:57 info: Title: User created  (201)
2020-10-25 18:49:05 info: Title: User created  (201)
2020-10-25 18:59:41 info: Title: Login success  (200)
2020-10-25 19:06:04 error: Query-Sql-Exception:  Cannot create a new User, Registered email (400)
2020-10-25 19:06:20 error: Expected "payload" to be a plain object.
2020-10-25 19:06:26 error: Query-Sql-Exception:  Cannot create a new User, Registered email (400)
2020-10-25 19:06:33 error: Expected "payload" to be a plain object.
2020-10-25 19:06:36 error: Query-Sql-Exception:  Cannot create a new User, Registered email (400)
2020-10-25 19:06:47 error: Expected "payload" to be a plain object.
2020-10-25 19:06:47 error: Query-Sql-Exception:  Cannot create a new User, Registered email (400)
2020-10-25 19:06:48 error: Query-Sql-Exception:  Cannot create a new User, Registered email (400)
2020-10-25 19:06:48 error: Query-Sql-Exception:  Cannot create a new User, Registered email (400)
2020-10-25 19:06:49 error: Query-Sql-Exception:  Cannot create a new User, Registered email (400)
2020-10-25 19:06:49 error: Query-Sql-Exception:  Cannot create a new User, Registered email (400)
2020-10-25 19:06:49 error: Query-Sql-Exception:  Cannot create a new User, Registered email (400)
2020-10-25 19:06:50 error: Query-Sql-Exception:  Cannot create a new User, Registered email (400)
2020-10-25 19:06:50 error: Query-Sql-Exception:  Cannot create a new User, Registered email (400)
2020-10-25 19:06:50 error: Query-Sql-Exception:  Cannot create a new User, Registered email (400)
2020-10-25 19:06:50 error: Query-Sql-Exception:  Cannot create a new User, Registered email (400)
2020-10-25 19:06:50 error: Query-Sql-Exception:  Cannot create a new User, Registered email (400)
2020-10-25 19:06:50 error: Query-Sql-Exception:  Cannot create a new User, Registered email (400)
2020-10-25 19:06:55 info: Title: Login success  (200)
2020-10-25 19:07:01 error: Query-Sql-Exception:  Cannot create a new User, Registered email (400)
2020-10-25 19:07:07 error: Expected "payload" to be a plain object.
2020-10-25 19:08:30 error: Expected "payload" to be a plain object.
2020-10-25 19:10:24 error: Query-Sql-Exception:  Cannot create a new User, Registered email (400)
2020-10-25 19:10:37 info: Title: User created  (201)
2020-10-25 19:11:00 info: Title: User update  (200)
2020-10-25 19:11:19 info: Title: User created  (201)
2020-10-25 19:11:33 info: Title: Login success  (200)
2020-10-25 19:12:26 info: Title: User created  (201)
2020-10-25 19:16:40 info: Title: Login success  (200)
2020-10-25 19:25:46 info: Title: Login success  (200)
2020-10-25 20:08:16 error: Authorization-Exception:  Invalid token (403)
2020-10-25 20:25:07 info: Title: Login success  (200)
2020-10-25 20:26:29 info: Title: Login success  (200)
2020-10-25 20:26:59 info: Title: Login success  (200)
2020-10-25 20:27:32 info: Title: Login success  (200)
2020-10-25 20:29:37 info: Title: Login success  (200)
2020-10-25 20:30:58 info: Title: Login success  (200)
2020-10-25 20:43:09 info: Title: Login success  (200)
2020-10-25 20:43:27 info: Title: Login success  (200)
2020-10-25 20:43:51 info: Title: Login success  (200)
2020-10-25 20:51:00 info: Title: Login success  (200)
2020-10-25 20:51:11 error: socket.send is not a function
2020-10-25 20:51:11 error: socket.send is not a function
2020-10-25 20:51:23 info: Title: Login success  (200)
2020-10-25 20:51:28 error: socket.send is not a function
2020-10-25 20:51:33 error: socket.send is not a function
2020-10-26 10:35:46 error: Authorization-Exception:  Invalid token (403)
2020-10-26 10:35:50 error: Authorization-Exception:  Invalid token (403)
2020-10-26 10:36:00 info: Title: Login success  (200)
2020-10-26 10:36:55 info: Title: Login success  (200)
2020-10-26 10:37:42 info: Title: Login success  (200)
2020-10-26 10:37:58 info: Title: Login success  (200)
2020-10-26 10:38:45 info: Title: Login success  (200)
2020-10-26 10:38:49 error: socket.send is not a function
2020-10-26 10:39:03 info: Title: Login success  (200)
2020-10-26 10:46:21 error: socket.send is not a function
2020-10-26 10:46:27 info: Title: Login success  (200)
2020-10-26 11:11:58 error: socket.send is not a function
2020-10-26 11:12:06 info: Title: Login success  (200)
2020-10-26 11:12:28 info: Title: Login success  (200)
2020-10-26 11:12:29 error: socket.send is not a function
2020-10-26 11:12:50 info: Title: Login success  (200)
2020-10-26 11:13:02 error: socket.send is not a function
2020-10-26 11:13:05 error: socket.send is not a function
2020-10-26 11:13:42 info: Title: Login success  (200)
2020-10-26 11:13:55 error: socket.send is not a function
2020-10-26 11:13:55 error: socket.send is not a function
2020-10-26 11:27:31 info: Title: Login success  (200)
2020-10-26 11:28:11 info: Title: Login success  (200)
2020-10-26 11:33:54 error: socket.send is not a function
2020-10-26 11:43:25 info: Title: Login success  (200)
2020-10-26 11:56:32 info: Title: Login success  (200)
2020-10-26 11:57:37 info: Title: Login success  (200)
2020-10-26 12:08:54 info: Title: Login success  (200)
2020-10-26 12:09:02 info: Title: Login success  (200)
2020-10-26 12:12:35 info: Title: Login success  (200)
2020-10-26 12:13:43 info: Title: Login success  (200)
2020-10-26 12:27:20 info: Title: Login success  (200)
2020-10-26 12:27:43 info: Title: Login success  (200)
2020-10-26 12:28:24 info: Title: Login success  (200)
2020-10-26 12:28:36 info: Title: Login success  (200)
2020-10-26 13:13:10 info: Title: Login success  (200)
2020-10-26 13:24:45 info: Title: Login success  (200)
2020-10-26 13:33:16 info: Title: Login success  (200)
2020-10-26 13:35:02 info: Title: Login success  (200)
2020-10-26 14:26:19 info: Title: Login success  (200)
2020-10-26 14:26:53 info: Title: Login success  (200)
2020-10-26 14:27:01 info: Title: Login success  (200)
2020-10-26 14:28:08 info: Title: Login success  (200)
2020-10-26 14:31:22 info: Title: User created  (201)
2020-10-26 14:35:38 info: Title: Login success  (200)
2020-10-26 14:38:22 info: Title: Login success  (200)
2020-10-26 14:39:07 info: Title: Login success  (200)
2020-10-26 14:40:15 info: Title: Login success  (200)
2020-10-26 14:47:21 info: Title: Login success  (200)
2020-10-26 14:47:39 info: Title: Login success  (200)
2020-10-26 14:48:14 info: Title: Login success  (200)
2020-10-26 14:49:41 info: Title: Login success  (200)
2020-10-26 14:54:28 info: Title: Login success  (200)
2020-10-26 14:54:41 info: Title: Login success  (200)
2020-10-26 15:08:09 info: Title: Login success  (200)
2020-10-26 15:08:27 info: Title: Login success  (200)
2020-10-26 15:09:04 info: Title: Login success  (200)
2020-10-26 15:09:23 info: Title: Login success  (200)
2020-10-26 15:11:00 info: Title: Login success  (200)
2020-10-26 15:12:59 info: Title: Login success  (200)
2020-10-26 15:13:08 info: Title: Login success  (200)
2020-10-26 15:14:29 info: Title: Login success  (200)
2020-10-26 15:16:34 info: Title: Login success  (200)
2020-10-26 15:19:20 info: Title: Login success  (200)
2020-10-26 15:20:48 info: Title: Login success  (200)
2020-10-26 15:24:10 info: Title: Login success  (200)
2020-10-26 15:25:11 info: Title: Login success  (200)
2020-10-26 15:25:44 info: Title: Login success  (200)
2020-10-26 15:26:19 info: Title: Login success  (200)
2020-10-26 15:26:38 info: Title: Login success  (200)
2020-10-26 15:27:35 info: Title: Login success  (200)
2020-10-26 15:32:13 info: Title: Login success  (200)
2020-10-26 15:32:24 info: Title: Login success  (200)
2020-10-26 15:34:09 info: Title: Login success  (200)
2020-10-26 16:06:47 info: Title: Login success  (200)
2020-10-26 16:09:51 info: Title: Login success  (200)
2020-10-26 16:10:02 info: Title: Login success  (200)
2020-10-26 16:12:43 info: Title: Login success  (200)
2020-10-26 16:21:25 info: Title: Login success  (200)
2020-10-26 16:25:08 info: Title: Login success  (200)
2020-10-26 16:25:51 info: Title: Login success  (200)
2020-10-26 16:26:03 info: Title: Login success  (200)
2020-10-26 19:02:24 info: Title: Login success  (200)
2020-10-26 19:06:06 info: Title: Login success  (200)
2020-10-26 19:15:05 info: Title: Login success  (200)
2020-10-26 19:16:08 info: Title: Login success  (200)
2020-10-26 19:16:52 info: Title: Login success  (200)
2020-10-26 19:18:16 info: Title: Login success  (200)
2020-10-26 19:18:53 info: Title: Login success  (200)
2020-10-26 19:19:20 info: Title: Login success  (200)
2020-10-26 19:29:37 info: Title: Login success  (200)
2020-10-26 19:34:51 info: Title: Login success  (200)
2020-10-26 19:51:06 info: Title: Login success  (200)
2020-10-26 19:51:25 info: Title: Login success  (200)
2020-10-26 19:51:47 info: Title: Login success  (200)
2020-10-26 20:00:29 info: Title: Login success  (200)
2020-10-27 09:56:30 error: Authorization-Exception:  Invalid token (403)
2020-10-27 09:57:14 info: Title: Login success  (200)
2020-10-27 09:57:39 info: Title: Login success  (200)
2020-11-10 10:26:20 info: Title: Login success  (200)
2020-11-10 10:27:55 info: Title: Login success  (200)
2020-11-10 10:28:00 info: Title: Login success  (200)
2020-11-10 10:29:03 info: Title: Login success  (200)
2020-11-10 10:30:49 info: Title: User created  (201)
2020-11-10 10:34:26 info: Title: User created  (201)
2020-11-10 10:38:13 info: Title: Login success  (200)
2020-11-10 10:38:58 info: Title: Login success  (200)
2020-11-10 10:39:32 error: Query-Sql-Exception:  Email does not exist (400)
2020-11-10 10:39:43 info: Title: Login success  (200)
2020-11-10 10:40:38 error: Query-Sql-Exception:  Email does not exist (400)
2020-11-10 10:40:42 error: Query-Sql-Exception:  Email does not exist (400)
2020-11-10 10:40:46 error: Query-Sql-Exception:  Email does not exist (400)
2020-11-10 10:40:56 error: Query-Sql-Exception:  Email does not exist (400)
2020-11-10 10:41:18 error: Validation-Exception:  Invalid request (400)
2020-11-10 10:41:21 error: Validation-Exception:  Invalid request (400)
2020-11-10 10:41:22 error: Validation-Exception:  Invalid request (400)
2020-11-10 10:41:22 error: Validation-Exception:  Invalid request (400)
2020-11-10 10:41:22 error: Validation-Exception:  Invalid request (400)
2020-11-10 10:41:42 error: Validation-Exception:  Invalid request (400)
2020-11-10 10:41:48 error: Validation-Exception:  Invalid request (400)
2020-11-10 10:41:48 error: Validation-Exception:  Invalid request (400)
2020-11-10 10:42:08 info: Title: Login success  (200)
2020-11-10 10:42:16 error: Query-Sql-Exception:  Email does not exist (400)
2020-11-10 10:42:33 error: Query-Sql-Exception:  Email does not exist (400)
2020-11-10 10:42:34 error: Query-Sql-Exception:  Email does not exist (400)
2020-11-10 10:42:34 error: Query-Sql-Exception:  Email does not exist (400)
2020-11-10 10:42:34 error: Query-Sql-Exception:  Email does not exist (400)
2020-11-10 10:42:34 error: Query-Sql-Exception:  Email does not exist (400)
2020-11-10 10:42:34 error: Query-Sql-Exception:  Email does not exist (400)
2020-11-10 10:43:58 error: Validation-Exception:  Invalid request (400)
2020-11-10 10:44:00 error: Validation-Exception:  Invalid request (400)
2020-11-10 10:44:18 info: Title: Login success  (200)
2020-11-10 10:45:02 info: Title: User created  (201)
2020-11-21 23:17:21 error: Authorization-Exception:  Invalid token (403)
2020-11-21 23:27:00 info: Title: Login success  (200)
2021-01-19 19:59:36 error: Mysql package has not been found installed. Try to install it: npm install mysql --save
2021-01-19 19:59:36 error: Authorization-Exception:  Invalid token (403)
2021-01-19 19:59:36 error: Authorization-Exception:  Invalid token (403)
2021-01-19 19:59:38 error: Authorization-Exception:  Invalid token (403)
2021-01-19 19:59:38 error: Authorization-Exception:  Invalid token (403)
2021-01-19 19:59:50 error: Authorization-Exception:  Invalid token (403)
2021-01-19 20:06:04 error: Mysql package has not been found installed. Try to install it: npm install mysql --save
2021-01-19 20:06:44 error: Query-Sql-Exception:  Cannot create a new User, Registered email (400)
2021-01-19 20:06:51 error: Query-Sql-Exception:  Cannot create a new User, Registered email (400)
2021-01-19 20:07:47 error: Query-Sql-Exception:  Cannot create a new User, Registered email (400)
2021-01-19 20:08:07 error: Authorization-Exception:  Invalid token (403)
2021-01-19 20:08:50 error: Mysql package has not been found installed. Try to install it: npm install mysql --save
2021-01-19 20:09:02 error: Mysql package has not been found installed. Try to install it: npm install mysql --save
2021-01-19 20:09:20 error: Mysql package has not been found installed. Try to install it: npm install mysql --save
2021-01-19 20:10:21 error: Mysql package has not been found installed. Try to install it: npm install mysql --save
2021-01-19 20:11:54 error: Mysql package has not been found installed. Try to install it: npm install mysql --save
2021-01-19 20:12:11 error: Validation-Exception:  Invalid request (400)
2021-01-19 20:12:16 error: Validation-Exception:  Invalid request (400)
2021-01-19 20:12:46 error: Mysql package has not been found installed. Try to install it: npm install mysql --save
2021-01-19 20:13:17 error: Authorization-Exception:  Invalid token (403)
2021-01-19 20:13:17 error: Authorization-Exception:  Invalid token (403)
2021-01-19 20:13:20 error: Authorization-Exception:  Invalid token (403)
2021-01-19 20:13:20 error: Authorization-Exception:  Invalid token (403)
2021-01-19 20:13:23 error: Authorization-Exception:  Invalid token (403)
2021-01-19 20:13:23 error: Authorization-Exception:  Invalid token (403)
2021-01-19 20:13:50 error: Authorization-Exception:  Invalid token (403)
2021-01-19 20:15:51 error: Mysql package has not been found installed. Try to install it: npm install mysql --save
2021-01-19 20:16:33 error: Mysql package has not been found installed. Try to install it: npm install mysql --save
2021-01-19 20:17:13 error: Mysql package has not been found installed. Try to install it: npm install mysql --save
2021-01-19 20:18:24 error: Mysql package has not been found installed. Try to install it: npm install mysql --save
2021-01-19 20:18:44 error: Mysql package has not been found installed. Try to install it: npm install mysql --save
2021-01-19 20:18:54 error: Mysql package has not been found installed. Try to install it: npm install mysql --save
2021-01-19 20:19:51 error: Mysql package has not been found installed. Try to install it: npm install mysql --save
2021-01-19 20:20:57 error: Authorization-Exception:  Invalid token (403)
2021-01-19 20:20:57 error: Authorization-Exception:  Invalid token (403)
2021-01-19 20:21:10 error: Authorization-Exception:  Invalid token (403)
2021-01-19 20:21:10 error: Authorization-Exception:  Invalid token (403)
2021-01-19 20:21:21 error: Authorization-Exception:  Invalid token (403)
2021-01-19 20:21:25 error: Authorization-Exception:  Invalid token (403)
2021-01-19 20:21:25 error: Authorization-Exception:  Invalid token (403)
2021-01-19 20:21:30 error: Authorization-Exception:  Invalid token (403)
2021-01-19 20:21:30 error: Authorization-Exception:  Invalid token (403)
2021-01-19 20:21:33 error: Authorization-Exception:  Invalid token (403)
2021-01-19 20:22:59 error: Validation-Exception:  Invalid request (400)
2021-01-19 20:23:50 error: Authorization-Exception:  Invalid token (403)
2021-01-19 20:24:13 error: Mysql package has not been found installed. Try to install it: npm install mysql --save
2021-01-19 20:24:14 error: Authorization-Exception:  Invalid token (403)
2021-01-19 20:24:14 error: Authorization-Exception:  Invalid token (403)
2021-01-19 20:24:16 error: Authorization-Exception:  Invalid token (403)
2021-01-19 20:24:16 error: Authorization-Exception:  Invalid token (403)
2021-01-19 20:24:18 error: Authorization-Exception:  Invalid token (403)
2021-01-19 20:24:28 error: Mysql package has not been found installed. Try to install it: npm install mysql --save
2021-01-19 20:25:25 error: Mysql package has not been found installed. Try to install it: npm install mysql --save
2021-01-19 20:25:48 error: Mysql package has not been found installed. Try to install it: npm install mysql --save
2021-01-19 20:26:49 error: Mysql package has not been found installed. Try to install it: npm install mysql --save
2021-01-19 20:27:31 error: Mysql package has not been found installed. Try to install it: npm install mysql --save
2021-01-19 20:27:32 error: Validation-Exception:  Invalid request (400)
2021-01-19 20:28:03 error: Mysql package has not been found installed. Try to install it: npm install mysql --save
2021-01-19 20:28:46 error: Mysql package has not been found installed. Try to install it: npm install mysql --save
2021-01-19 20:28:51 error: Validation-Exception:  Invalid request (400)
2021-01-19 20:29:03 error: Query-Sql-Exception:  Cannot create a new User, Registered email (400)
2021-01-19 20:29:11 error: Authorization-Exception:  Invalid token (403)
2021-01-19 20:29:12 error: Authorization-Exception:  Invalid token (403)
2021-01-19 20:29:16 error: Authorization-Exception:  Invalid token (403)
2021-01-19 20:29:18 error: Authorization-Exception:  Invalid token (403)
2021-01-19 20:29:18 error: Authorization-Exception:  Invalid token (403)
2021-01-19 20:29:18 error: Authorization-Exception:  Invalid token (403)
2021-01-19 20:29:19 error: Authorization-Exception:  Invalid token (403)
2021-01-19 20:29:19 error: Authorization-Exception:  Invalid token (403)
2021-01-19 20:29:19 error: Authorization-Exception:  Invalid token (403)
2021-01-19 20:29:31 error: Mysql package has not been found installed. Try to install it: npm install mysql --save
2021-01-19 20:29:43 error: Mysql package has not been found installed. Try to install it: npm install mysql --save
2021-01-19 20:30:34 error: Validation-Exception:  Invalid request (400)
2021-01-19 20:30:37 error: Validation-Exception:  Invalid request (400)
2021-01-19 20:32:31 error: Validation-Exception:  Invalid request (400)
2021-01-19 20:32:43 error: Query-Sql-Exception:  Cannot create a new User, Registered email (400)
2021-01-19 20:33:32 error: Validation-Exception:  Invalid request (400)
2021-01-19 20:33:45 error: Query-Sql-Exception:  Cannot create a new User, Registered email (400)
2021-01-19 20:34:00 error: Validation-Exception:  Invalid request (400)
2021-01-19 20:34:12 error: Query-Sql-Exception:  Email does not exist (400)
2021-01-19 20:39:42 error: Validation-Exception:  Invalid request (400)
2021-01-19 20:40:31 error: Query-Sql-Exception:  Cannot create a new User, Registered email (400)
2021-01-19 20:40:37 error: Query-Sql-Exception:  Cannot create a new User, Registered email (400)
2021-01-19 20:40:43 error: Authorization-Exception:  Invalid token (403)
2021-01-19 20:45:30 info: Title: User created  (201)
2021-01-19 21:00:52 error: Validation-Exception:  Invalid request (400)
2021-01-19 21:00:55 error: Validation-Exception:  Invalid request (400)
2021-01-19 21:00:55 error: Validation-Exception:  Invalid request (400)
2021-01-19 21:00:55 error: Validation-Exception:  Invalid request (400)
2021-01-19 21:00:55 error: Validation-Exception:  Invalid request (400)
2021-01-19 21:01:05 error: Validation-Exception:  Invalid request (400)
2021-01-19 21:01:07 error: Validation-Exception:  Invalid request (400)
2021-01-19 21:01:08 error: Validation-Exception:  Invalid request (400)
2021-01-19 21:01:08 error: Validation-Exception:  Invalid request (400)
2021-01-19 21:01:08 error: Validation-Exception:  Invalid request (400)
2021-01-19 21:01:21 error: Authorization-Exception:  Invalid token (403)
2021-01-19 21:01:29 error: Authorization-Exception:  Invalid token (403)
2021-01-19 21:01:31 error: Authorization-Exception:  Invalid token (403)
2021-01-19 21:03:23 error: Validation-Exception:  Invalid request (400)
2021-01-19 21:03:32 error: Authorization-Exception:  Invalid token (403)
2021-01-19 21:03:38 error: Authorization-Exception:  Invalid token (403)
2021-01-19 21:03:41 error: Authorization-Exception:  Invalid token (403)
2021-01-19 21:04:59 error: Authorization-Exception:  Invalid token (403)
2021-01-19 21:04:59 error: Authorization-Exception:  Invalid token (403)
2021-01-19 21:09:39 error: Authorization-Exception:  Invalid token (403)
2021-01-19 21:09:40 error: Authorization-Exception:  Invalid token (403)
2021-01-19 21:09:41 error: Authorization-Exception:  Invalid token (403)
2021-01-19 21:09:42 error: Authorization-Exception:  Invalid token (403)
2021-01-19 21:09:43 error: Authorization-Exception:  Invalid token (403)
2021-01-19 21:09:44 error: Authorization-Exception:  Invalid token (403)
2021-01-19 21:09:46 error: Authorization-Exception:  Invalid token (403)
2021-01-19 21:09:48 error: Authorization-Exception:  Invalid token (403)
2021-01-19 21:09:48 error: Authorization-Exception:  Invalid token (403)
2021-01-19 21:09:48 error: Authorization-Exception:  Invalid token (403)
2021-01-19 21:09:49 error: Authorization-Exception:  Invalid token (403)
2021-01-19 21:10:00 error: Validation-Exception:  Invalid request (400)
2021-01-19 21:10:04 error: Authorization-Exception:  Invalid token (403)
2021-01-19 21:10:21 error: Authorization-Exception:  Invalid token (403)
2021-01-19 21:10:22 error: Authorization-Exception:  Invalid token (403)
2021-01-19 21:10:22 error: Authorization-Exception:  Invalid token (403)
2021-01-19 21:10:23 error: Authorization-Exception:  Invalid token (403)
2021-01-19 21:10:24 error: Authorization-Exception:  Invalid token (403)
2021-01-19 21:10:24 error: Authorization-Exception:  Invalid token (403)
2021-01-19 21:10:24 error: Authorization-Exception:  Invalid token (403)
2021-01-19 21:10:24 error: Authorization-Exception:  Invalid token (403)
2021-01-19 21:11:01 error: Validation-Exception:  Invalid request (400)
2021-01-19 21:11:02 error: Validation-Exception:  Invalid request (400)
2021-01-19 21:13:29 info: Title: User created  (201)
2021-01-19 21:13:48 error: Query-Sql-Exception:  Cannot create a new User, Registered email (400)
2021-01-19 21:13:53 info: Title: User created  (201)
2021-01-19 21:14:15 info: Title: Login success  (200)
2021-01-19 21:14:44 info: Title: Login success  (200)
